Determining if the pthread_create exist failed with the following output:
Change Dir: /home/IN/jova0386/SciVis2018/CMakeFiles/CMakeTmp

Run Build Command:"/usr/bin/make" "cmTC_0a2cc/fast"
/usr/bin/make -f CMakeFiles/cmTC_0a2cc.dir/build.make CMakeFiles/cmTC_0a2cc.dir/build
make[1]: Entering directory '/home/IN/jova0386/SciVis2018/CMakeFiles/CMakeTmp'
Building C object CMakeFiles/cmTC_0a2cc.dir/CheckSymbolExists.c.o
/usr/bin/cc    -o CMakeFiles/cmTC_0a2cc.dir/CheckSymbolExists.c.o   -c /home/IN/jova0386/SciVis2018/CMakeFiles/CMakeTmp/CheckSymbolExists.c
Linking C executable cmTC_0a2cc
/usr/bin/cmake -E cmake_link_script CMakeFiles/cmTC_0a2cc.dir/link.txt --verbose=1
/usr/bin/cc      -rdynamic CMakeFiles/cmTC_0a2cc.dir/CheckSymbolExists.c.o  -o cmTC_0a2cc 
CMakeFiles/cmTC_0a2cc.dir/CheckSymbolExists.c.o: In function `main':
CheckSymbolExists.c:(.text+0x1b): undefined reference to `pthread_create'
collect2: error: ld returned 1 exit status
make[1]: *** [CMakeFiles/cmTC_0a2cc.dir/build.make:98: cmTC_0a2cc] Error 1
make[1]: Leaving directory '/home/IN/jova0386/SciVis2018/CMakeFiles/CMakeTmp'
make: *** [Makefile:126: cmTC_0a2cc/fast] Error 2

File /home/IN/jova0386/SciVis2018/CMakeFiles/CMakeTmp/CheckSymbolExists.c:
/* */
#include <pthread.h>

int main(int argc, char** argv)
{
  (void)argv;
#ifndef pthread_create
  return ((int*)(&pthread_create))[argc];
#else
  (void)argc;
  return 0;
#endif
}

Determining if the function glXGetProcAddressEXT exists failed with the following output:
Change Dir: /home/IN/jova0386/SciVis2018/CMakeFiles/CMakeTmp

Run Build Command:"/usr/bin/make" "cmTC_15c85/fast"
/usr/bin/make -f CMakeFiles/cmTC_15c85.dir/build.make CMakeFiles/cmTC_15c85.dir/build
make[1]: Entering directory '/home/IN/jova0386/SciVis2018/CMakeFiles/CMakeTmp'
Building C object CMakeFiles/cmTC_15c85.dir/CheckFunctionExists.c.o
/usr/bin/cc   -DCHECK_FUNCTION_EXISTS=glXGetProcAddressEXT   -o CMakeFiles/cmTC_15c85.dir/CheckFunctionExists.c.o   -c /usr/share/cmake-3.10/Modules/CheckFunctionExists.c
Linking C executable cmTC_15c85
/usr/bin/cmake -E cmake_link_script CMakeFiles/cmTC_15c85.dir/link.txt --verbose=1
/usr/bin/cc  -DCHECK_FUNCTION_EXISTS=glXGetProcAddressEXT    -rdynamic CMakeFiles/cmTC_15c85.dir/CheckFunctionExists.c.o  -o cmTC_15c85 /usr/lib/libGL.so 
CMakeFiles/cmTC_15c85.dir/CheckFunctionExists.c.o: In function `main':
CheckFunctionExists.c:(.text+0x10): undefined reference to `glXGetProcAddressEXT'
collect2: error: ld returned 1 exit status
make[1]: *** [CMakeFiles/cmTC_15c85.dir/build.make:99: cmTC_15c85] Error 1
make[1]: Leaving directory '/home/IN/jova0386/SciVis2018/CMakeFiles/CMakeTmp'
make: *** [Makefile:126: cmTC_15c85/fast] Error 2


