The system is: Linux - 4.15.12-1-ARCH - x86_64
Compiling the C compiler identification source file "CMakeCCompilerId.c" succeeded.
Compiler: /usr/bin/cc 
Build flags: 
Id flags:  

The output was:
0


Compilation of the C compiler identification source "CMakeCCompilerId.c" produced "a.out"

The C compiler identification is GNU, found in "/home/IN/jova0386/SciVis2018/CMakeFiles/3.10.3/CompilerIdC/a.out"

Compiling the CXX compiler identification source file "CMakeCXXCompilerId.cpp" succeeded.
Compiler: /usr/bin/c++ 
Build flags: 
Id flags:  

The output was:
0


Compilation of the CXX compiler identification source "CMakeCXXCompilerId.cpp" produced "a.out"

The CXX compiler identification is GNU, found in "/home/IN/jova0386/SciVis2018/CMakeFiles/3.10.3/CompilerIdCXX/a.out"

Determining if the C compiler works passed with the following output:
Change Dir: /home/IN/jova0386/SciVis2018/CMakeFiles/CMakeTmp

Run Build Command:"/usr/bin/make" "cmTC_d21cf/fast"
/usr/bin/make -f CMakeFiles/cmTC_d21cf.dir/build.make CMakeFiles/cmTC_d21cf.dir/build
make[1]: Entering directory '/home/IN/jova0386/SciVis2018/CMakeFiles/CMakeTmp'
Building C object CMakeFiles/cmTC_d21cf.dir/testCCompiler.c.o
/usr/bin/cc    -o CMakeFiles/cmTC_d21cf.dir/testCCompiler.c.o   -c /home/IN/jova0386/SciVis2018/CMakeFiles/CMakeTmp/testCCompiler.c
Linking C executable cmTC_d21cf
/usr/bin/cmake -E cmake_link_script CMakeFiles/cmTC_d21cf.dir/link.txt --verbose=1
/usr/bin/cc      -rdynamic CMakeFiles/cmTC_d21cf.dir/testCCompiler.c.o  -o cmTC_d21cf 
make[1]: Leaving directory '/home/IN/jova0386/SciVis2018/CMakeFiles/CMakeTmp'


Detecting C compiler ABI info compiled with the following output:
Change Dir: /home/IN/jova0386/SciVis2018/CMakeFiles/CMakeTmp

Run Build Command:"/usr/bin/make" "cmTC_fbdb2/fast"
/usr/bin/make -f CMakeFiles/cmTC_fbdb2.dir/build.make CMakeFiles/cmTC_fbdb2.dir/build
make[1]: Entering directory '/home/IN/jova0386/SciVis2018/CMakeFiles/CMakeTmp'
Building C object CMakeFiles/cmTC_fbdb2.dir/CMakeCCompilerABI.c.o
/usr/bin/cc    -o CMakeFiles/cmTC_fbdb2.dir/CMakeCCompilerABI.c.o   -c /usr/share/cmake-3.10/Modules/CMakeCCompilerABI.c
Linking C executable cmTC_fbdb2
/usr/bin/cmake -E cmake_link_script CMakeFiles/cmTC_fbdb2.dir/link.txt --verbose=1
/usr/bin/cc     -v -rdynamic CMakeFiles/cmTC_fbdb2.dir/CMakeCCompilerABI.c.o  -o cmTC_fbdb2 
Using built-in specs.
COLLECT_GCC=/usr/bin/cc
COLLECT_LTO_WRAPPER=/usr/lib/gcc/x86_64-pc-linux-gnu/7.3.1/lto-wrapper
Target: x86_64-pc-linux-gnu
Configured with: /build/gcc/src/gcc/configure --prefix=/usr --libdir=/usr/lib --libexecdir=/usr/lib --mandir=/usr/share/man --infodir=/usr/share/info --with-bugurl=https://bugs.archlinux.org/ --enable-languages=c,c++,ada,fortran,go,lto,objc,obj-c++ --enable-shared --enable-threads=posix --enable-libmpx --with-system-zlib --with-isl --enable-__cxa_atexit --disable-libunwind-exceptions --enable-clocale=gnu --disable-libstdcxx-pch --disable-libssp --enable-gnu-unique-object --enable-linker-build-id --enable-lto --enable-plugin --enable-install-libiberty --with-linker-hash-style=gnu --enable-gnu-indirect-function --enable-multilib --disable-werror --enable-checking=release --enable-default-pie --enable-default-ssp
Thread model: posix
gcc version 7.3.1 20180312 (GCC) 
COMPILER_PATH=/usr/lib/gcc/x86_64-pc-linux-gnu/7.3.1/:/usr/lib/gcc/x86_64-pc-linux-gnu/7.3.1/:/usr/lib/gcc/x86_64-pc-linux-gnu/:/usr/lib/gcc/x86_64-pc-linux-gnu/7.3.1/:/usr/lib/gcc/x86_64-pc-linux-gnu/
LIBRARY_PATH=/usr/lib/gcc/x86_64-pc-linux-gnu/7.3.1/:/usr/lib/gcc/x86_64-pc-linux-gnu/7.3.1/../../../../lib/:/lib/../lib/:/usr/lib/../lib/:/opt/intel/composerxe/compiler/lib/intel64/:/opt/intel/composerxe/ipp/../compiler/lib/intel64/:/opt/intel/composerxe/ipp/lib/intel64/:/opt/intel/composerxe/compiler/lib/intel64/:/opt/intel/composerxe/mkl/lib/intel64/:/opt/intel/composerxe/tbb/lib/intel64/gcc4.1/:/usr/lib/gcc/x86_64-pc-linux-gnu/7.3.1/../../../:/lib/:/usr/lib/
COLLECT_GCC_OPTIONS='-v' '-rdynamic' '-o' 'cmTC_fbdb2' '-mtune=generic' '-march=x86-64'
 /usr/lib/gcc/x86_64-pc-linux-gnu/7.3.1/collect2 -plugin /usr/lib/gcc/x86_64-pc-linux-gnu/7.3.1/liblto_plugin.so -plugin-opt=/usr/lib/gcc/x86_64-pc-linux-gnu/7.3.1/lto-wrapper -plugin-opt=-fresolution=/tmp/ccuvBoF7.res -plugin-opt=-pass-through=-lgcc -plugin-opt=-pass-through=-lgcc_s -plugin-opt=-pass-through=-lc -plugin-opt=-pass-through=-lgcc -plugin-opt=-pass-through=-lgcc_s --build-id --eh-frame-hdr --hash-style=gnu -m elf_x86_64 -export-dynamic -dynamic-linker /lib64/ld-linux-x86-64.so.2 -pie -o cmTC_fbdb2 /usr/lib/gcc/x86_64-pc-linux-gnu/7.3.1/../../../../lib/Scrt1.o /usr/lib/gcc/x86_64-pc-linux-gnu/7.3.1/../../../../lib/crti.o /usr/lib/gcc/x86_64-pc-linux-gnu/7.3.1/crtbeginS.o -L/usr/lib/gcc/x86_64-pc-linux-gnu/7.3.1 -L/usr/lib/gcc/x86_64-pc-linux-gnu/7.3.1/../../../../lib -L/lib/../lib -L/usr/lib/../lib -L/opt/intel/composerxe/compiler/lib/intel64 -L/opt/intel/composerxe/ipp/../compiler/lib/intel64 -L/opt/intel/composerxe/ipp/lib/intel64 -L/opt/intel/composerxe/compiler/lib/intel64 -L/opt/intel/composerxe/mkl/lib/intel64 -L/opt/intel/composerxe/tbb/lib/intel64/gcc4.1 -L/usr/lib/gcc/x86_64-pc-linux-gnu/7.3.1/../../.. CMakeFiles/cmTC_fbdb2.dir/CMakeCCompilerABI.c.o -lgcc --as-needed -lgcc_s --no-as-needed -lc -lgcc --as-needed -lgcc_s --no-as-needed /usr/lib/gcc/x86_64-pc-linux-gnu/7.3.1/crtendS.o /usr/lib/gcc/x86_64-pc-linux-gnu/7.3.1/../../../../lib/crtn.o
COLLECT_GCC_OPTIONS='-v' '-rdynamic' '-o' 'cmTC_fbdb2' '-mtune=generic' '-march=x86-64'
make[1]: Leaving directory '/home/IN/jova0386/SciVis2018/CMakeFiles/CMakeTmp'


Parsed C implicit link information from above output:
  link line regex: [^( *|.*[/\])(ld|CMAKE_LINK_STARTFILE-NOTFOUND|([^/\]+-)?ld|collect2)[^/\]*( |$)]
  ignore line: [Change Dir: /home/IN/jova0386/SciVis2018/CMakeFiles/CMakeTmp]
  ignore line: []
  ignore line: [Run Build Command:"/usr/bin/make" "cmTC_fbdb2/fast"]
  ignore line: [/usr/bin/make -f CMakeFiles/cmTC_fbdb2.dir/build.make CMakeFiles/cmTC_fbdb2.dir/build]
  ignore line: [make[1]: Entering directory '/home/IN/jova0386/SciVis2018/CMakeFiles/CMakeTmp']
  ignore line: [Building C object CMakeFiles/cmTC_fbdb2.dir/CMakeCCompilerABI.c.o]
  ignore line: [/usr/bin/cc    -o CMakeFiles/cmTC_fbdb2.dir/CMakeCCompilerABI.c.o   -c /usr/share/cmake-3.10/Modules/CMakeCCompilerABI.c]
  ignore line: [Linking C executable cmTC_fbdb2]
  ignore line: [/usr/bin/cmake -E cmake_link_script CMakeFiles/cmTC_fbdb2.dir/link.txt --verbose=1]
  ignore line: [/usr/bin/cc     -v -rdynamic CMakeFiles/cmTC_fbdb2.dir/CMakeCCompilerABI.c.o  -o cmTC_fbdb2 ]
  ignore line: [Using built-in specs.]
  ignore line: [COLLECT_GCC=/usr/bin/cc]
  ignore line: [COLLECT_LTO_WRAPPER=/usr/lib/gcc/x86_64-pc-linux-gnu/7.3.1/lto-wrapper]
  ignore line: [Target: x86_64-pc-linux-gnu]
  ignore line: [Configured with: /build/gcc/src/gcc/configure --prefix=/usr --libdir=/usr/lib --libexecdir=/usr/lib --mandir=/usr/share/man --infodir=/usr/share/info --with-bugurl=https://bugs.archlinux.org/ --enable-languages=c,c++,ada,fortran,go,lto,objc,obj-c++ --enable-shared --enable-threads=posix --enable-libmpx --with-system-zlib --with-isl --enable-__cxa_atexit --disable-libunwind-exceptions --enable-clocale=gnu --disable-libstdcxx-pch --disable-libssp --enable-gnu-unique-object --enable-linker-build-id --enable-lto --enable-plugin --enable-install-libiberty --with-linker-hash-style=gnu --enable-gnu-indirect-function --enable-multilib --disable-werror --enable-checking=release --enable-default-pie --enable-default-ssp]
  ignore line: [Thread model: posix]
  ignore line: [gcc version 7.3.1 20180312 (GCC) ]
  ignore line: [COMPILER_PATH=/usr/lib/gcc/x86_64-pc-linux-gnu/7.3.1/:/usr/lib/gcc/x86_64-pc-linux-gnu/7.3.1/:/usr/lib/gcc/x86_64-pc-linux-gnu/:/usr/lib/gcc/x86_64-pc-linux-gnu/7.3.1/:/usr/lib/gcc/x86_64-pc-linux-gnu/]
  ignore line: [LIBRARY_PATH=/usr/lib/gcc/x86_64-pc-linux-gnu/7.3.1/:/usr/lib/gcc/x86_64-pc-linux-gnu/7.3.1/../../../../lib/:/lib/../lib/:/usr/lib/../lib/:/opt/intel/composerxe/compiler/lib/intel64/:/opt/intel/composerxe/ipp/../compiler/lib/intel64/:/opt/intel/composerxe/ipp/lib/intel64/:/opt/intel/composerxe/compiler/lib/intel64/:/opt/intel/composerxe/mkl/lib/intel64/:/opt/intel/composerxe/tbb/lib/intel64/gcc4.1/:/usr/lib/gcc/x86_64-pc-linux-gnu/7.3.1/../../../:/lib/:/usr/lib/]
  ignore line: [COLLECT_GCC_OPTIONS='-v' '-rdynamic' '-o' 'cmTC_fbdb2' '-mtune=generic' '-march=x86-64']
  link line: [ /usr/lib/gcc/x86_64-pc-linux-gnu/7.3.1/collect2 -plugin /usr/lib/gcc/x86_64-pc-linux-gnu/7.3.1/liblto_plugin.so -plugin-opt=/usr/lib/gcc/x86_64-pc-linux-gnu/7.3.1/lto-wrapper -plugin-opt=-fresolution=/tmp/ccuvBoF7.res -plugin-opt=-pass-through=-lgcc -plugin-opt=-pass-through=-lgcc_s -plugin-opt=-pass-through=-lc -plugin-opt=-pass-through=-lgcc -plugin-opt=-pass-through=-lgcc_s --build-id --eh-frame-hdr --hash-style=gnu -m elf_x86_64 -export-dynamic -dynamic-linker /lib64/ld-linux-x86-64.so.2 -pie -o cmTC_fbdb2 /usr/lib/gcc/x86_64-pc-linux-gnu/7.3.1/../../../../lib/Scrt1.o /usr/lib/gcc/x86_64-pc-linux-gnu/7.3.1/../../../../lib/crti.o /usr/lib/gcc/x86_64-pc-linux-gnu/7.3.1/crtbeginS.o -L/usr/lib/gcc/x86_64-pc-linux-gnu/7.3.1 -L/usr/lib/gcc/x86_64-pc-linux-gnu/7.3.1/../../../../lib -L/lib/../lib -L/usr/lib/../lib -L/opt/intel/composerxe/compiler/lib/intel64 -L/opt/intel/composerxe/ipp/../compiler/lib/intel64 -L/opt/intel/composerxe/ipp/lib/intel64 -L/opt/intel/composerxe/compiler/lib/intel64 -L/opt/intel/composerxe/mkl/lib/intel64 -L/opt/intel/composerxe/tbb/lib/intel64/gcc4.1 -L/usr/lib/gcc/x86_64-pc-linux-gnu/7.3.1/../../.. CMakeFiles/cmTC_fbdb2.dir/CMakeCCompilerABI.c.o -lgcc --as-needed -lgcc_s --no-as-needed -lc -lgcc --as-needed -lgcc_s --no-as-needed /usr/lib/gcc/x86_64-pc-linux-gnu/7.3.1/crtendS.o /usr/lib/gcc/x86_64-pc-linux-gnu/7.3.1/../../../../lib/crtn.o]
    arg [/usr/lib/gcc/x86_64-pc-linux-gnu/7.3.1/collect2] ==> ignore
    arg [-plugin] ==> ignore
    arg [/usr/lib/gcc/x86_64-pc-linux-gnu/7.3.1/liblto_plugin.so] ==> ignore
    arg [-plugin-opt=/usr/lib/gcc/x86_64-pc-linux-gnu/7.3.1/lto-wrapper] ==> ignore
    arg [-plugin-opt=-fresolution=/tmp/ccuvBoF7.res] ==> ignore
    arg [-plugin-opt=-pass-through=-lgcc] ==> ignore
    arg [-plugin-opt=-pass-through=-lgcc_s] ==> ignore
    arg [-plugin-opt=-pass-through=-lc] ==> ignore
    arg [-plugin-opt=-pass-through=-lgcc] ==> ignore
    arg [-plugin-opt=-pass-through=-lgcc_s] ==> ignore
    arg [--build-id] ==> ignore
    arg [--eh-frame-hdr] ==> ignore
    arg [--hash-style=gnu] ==> ignore
    arg [-m] ==> ignore
    arg [elf_x86_64] ==> ignore
    arg [-export-dynamic] ==> ignore
    arg [-dynamic-linker] ==> ignore
    arg [/lib64/ld-linux-x86-64.so.2] ==> ignore
    arg [-pie] ==> ignore
    arg [-o] ==> ignore
    arg [cmTC_fbdb2] ==> ignore
    arg [/usr/lib/gcc/x86_64-pc-linux-gnu/7.3.1/../../../../lib/Scrt1.o] ==> ignore
    arg [/usr/lib/gcc/x86_64-pc-linux-gnu/7.3.1/../../../../lib/crti.o] ==> ignore
    arg [/usr/lib/gcc/x86_64-pc-linux-gnu/7.3.1/crtbeginS.o] ==> ignore
    arg [-L/usr/lib/gcc/x86_64-pc-linux-gnu/7.3.1] ==> dir [/usr/lib/gcc/x86_64-pc-linux-gnu/7.3.1]
    arg [-L/usr/lib/gcc/x86_64-pc-linux-gnu/7.3.1/../../../../lib] ==> dir [/usr/lib/gcc/x86_64-pc-linux-gnu/7.3.1/../../../../lib]
    arg [-L/lib/../lib] ==> dir [/lib/../lib]
    arg [-L/usr/lib/../lib] ==> dir [/usr/lib/../lib]
    arg [-L/opt/intel/composerxe/compiler/lib/intel64] ==> dir [/opt/intel/composerxe/compiler/lib/intel64]
    arg [-L/opt/intel/composerxe/ipp/../compiler/lib/intel64] ==> dir [/opt/intel/composerxe/ipp/../compiler/lib/intel64]
    arg [-L/opt/intel/composerxe/ipp/lib/intel64] ==> dir [/opt/intel/composerxe/ipp/lib/intel64]
    arg [-L/opt/intel/composerxe/compiler/lib/intel64] ==> dir [/opt/intel/composerxe/compiler/lib/intel64]
    arg [-L/opt/intel/composerxe/mkl/lib/intel64] ==> dir [/opt/intel/composerxe/mkl/lib/intel64]
    arg [-L/opt/intel/composerxe/tbb/lib/intel64/gcc4.1] ==> dir [/opt/intel/composerxe/tbb/lib/intel64/gcc4.1]
    arg [-L/usr/lib/gcc/x86_64-pc-linux-gnu/7.3.1/../../..] ==> dir [/usr/lib/gcc/x86_64-pc-linux-gnu/7.3.1/../../..]
    arg [CMakeFiles/cmTC_fbdb2.dir/CMakeCCompilerABI.c.o] ==> ignore
    arg [-lgcc] ==> lib [gcc]
    arg [--as-needed] ==> ignore
    arg [-lgcc_s] ==> lib [gcc_s]
    arg [--no-as-needed] ==> ignore
    arg [-lc] ==> lib [c]
    arg [-lgcc] ==> lib [gcc]
    arg [--as-needed] ==> ignore
    arg [-lgcc_s] ==> lib [gcc_s]
    arg [--no-as-needed] ==> ignore
    arg [/usr/lib/gcc/x86_64-pc-linux-gnu/7.3.1/crtendS.o] ==> ignore
    arg [/usr/lib/gcc/x86_64-pc-linux-gnu/7.3.1/../../../../lib/crtn.o] ==> ignore
  collapse library dir [/usr/lib/gcc/x86_64-pc-linux-gnu/7.3.1] ==> [/usr/lib/gcc/x86_64-pc-linux-gnu/7.3.1]
  collapse library dir [/usr/lib/gcc/x86_64-pc-linux-gnu/7.3.1/../../../../lib] ==> [/usr/lib]
  collapse library dir [/lib/../lib] ==> [/lib]
  collapse library dir [/usr/lib/../lib] ==> [/usr/lib]
  collapse library dir [/opt/intel/composerxe/compiler/lib/intel64] ==> [/opt/intel/composerxe/compiler/lib/intel64]
  collapse library dir [/opt/intel/composerxe/ipp/../compiler/lib/intel64] ==> [/opt/intel/composerxe/compiler/lib/intel64]
  collapse library dir [/opt/intel/composerxe/ipp/lib/intel64] ==> [/opt/intel/composerxe/ipp/lib/intel64]
  collapse library dir [/opt/intel/composerxe/compiler/lib/intel64] ==> [/opt/intel/composerxe/compiler/lib/intel64]
  collapse library dir [/opt/intel/composerxe/mkl/lib/intel64] ==> [/opt/intel/composerxe/mkl/lib/intel64]
  collapse library dir [/opt/intel/composerxe/tbb/lib/intel64/gcc4.1] ==> [/opt/intel/composerxe/tbb/lib/intel64/gcc4.1]
  collapse library dir [/usr/lib/gcc/x86_64-pc-linux-gnu/7.3.1/../../..] ==> [/usr/lib]
  implicit libs: [gcc;gcc_s;c;gcc;gcc_s]
  implicit dirs: [/usr/lib/gcc/x86_64-pc-linux-gnu/7.3.1;/usr/lib;/lib;/opt/intel/composerxe/compiler/lib/intel64;/opt/intel/composerxe/ipp/lib/intel64;/opt/intel/composerxe/mkl/lib/intel64;/opt/intel/composerxe/tbb/lib/intel64/gcc4.1]
  implicit fwks: []




Detecting C [-std=c11] compiler features compiled with the following output:
Change Dir: /home/IN/jova0386/SciVis2018/CMakeFiles/CMakeTmp

Run Build Command:"/usr/bin/make" "cmTC_eddf7/fast"
/usr/bin/make -f CMakeFiles/cmTC_eddf7.dir/build.make CMakeFiles/cmTC_eddf7.dir/build
make[1]: Entering directory '/home/IN/jova0386/SciVis2018/CMakeFiles/CMakeTmp'
Building C object CMakeFiles/cmTC_eddf7.dir/feature_tests.c.o
/usr/bin/cc   -std=c11 -o CMakeFiles/cmTC_eddf7.dir/feature_tests.c.o   -c /home/IN/jova0386/SciVis2018/CMakeFiles/feature_tests.c
Linking C executable cmTC_eddf7
/usr/bin/cmake -E cmake_link_script CMakeFiles/cmTC_eddf7.dir/link.txt --verbose=1
/usr/bin/cc      -rdynamic CMakeFiles/cmTC_eddf7.dir/feature_tests.c.o  -o cmTC_eddf7 
make[1]: Leaving directory '/home/IN/jova0386/SciVis2018/CMakeFiles/CMakeTmp'


    Feature record: C_FEATURE:1c_function_prototypes
    Feature record: C_FEATURE:1c_restrict
    Feature record: C_FEATURE:1c_static_assert
    Feature record: C_FEATURE:1c_variadic_macros


Detecting C [-std=c99] compiler features compiled with the following output:
Change Dir: /home/IN/jova0386/SciVis2018/CMakeFiles/CMakeTmp

Run Build Command:"/usr/bin/make" "cmTC_64a98/fast"
/usr/bin/make -f CMakeFiles/cmTC_64a98.dir/build.make CMakeFiles/cmTC_64a98.dir/build
make[1]: Entering directory '/home/IN/jova0386/SciVis2018/CMakeFiles/CMakeTmp'
Building C object CMakeFiles/cmTC_64a98.dir/feature_tests.c.o
/usr/bin/cc   -std=c99 -o CMakeFiles/cmTC_64a98.dir/feature_tests.c.o   -c /home/IN/jova0386/SciVis2018/CMakeFiles/feature_tests.c
Linking C executable cmTC_64a98
/usr/bin/cmake -E cmake_link_script CMakeFiles/cmTC_64a98.dir/link.txt --verbose=1
/usr/bin/cc      -rdynamic CMakeFiles/cmTC_64a98.dir/feature_tests.c.o  -o cmTC_64a98 
make[1]: Leaving directory '/home/IN/jova0386/SciVis2018/CMakeFiles/CMakeTmp'


    Feature record: C_FEATURE:1c_function_prototypes
    Feature record: C_FEATURE:1c_restrict
    Feature record: C_FEATURE:0c_static_assert
    Feature record: C_FEATURE:1c_variadic_macros


Detecting C [-std=c90] compiler features compiled with the following output:
Change Dir: /home/IN/jova0386/SciVis2018/CMakeFiles/CMakeTmp

Run Build Command:"/usr/bin/make" "cmTC_f8f12/fast"
/usr/bin/make -f CMakeFiles/cmTC_f8f12.dir/build.make CMakeFiles/cmTC_f8f12.dir/build
make[1]: Entering directory '/home/IN/jova0386/SciVis2018/CMakeFiles/CMakeTmp'
Building C object CMakeFiles/cmTC_f8f12.dir/feature_tests.c.o
/usr/bin/cc   -std=c90 -o CMakeFiles/cmTC_f8f12.dir/feature_tests.c.o   -c /home/IN/jova0386/SciVis2018/CMakeFiles/feature_tests.c
Linking C executable cmTC_f8f12
/usr/bin/cmake -E cmake_link_script CMakeFiles/cmTC_f8f12.dir/link.txt --verbose=1
/usr/bin/cc      -rdynamic CMakeFiles/cmTC_f8f12.dir/feature_tests.c.o  -o cmTC_f8f12 
make[1]: Leaving directory '/home/IN/jova0386/SciVis2018/CMakeFiles/CMakeTmp'


    Feature record: C_FEATURE:1c_function_prototypes
    Feature record: C_FEATURE:0c_restrict
    Feature record: C_FEATURE:0c_static_assert
    Feature record: C_FEATURE:0c_variadic_macros
Determining if the CXX compiler works passed with the following output:
Change Dir: /home/IN/jova0386/SciVis2018/CMakeFiles/CMakeTmp

Run Build Command:"/usr/bin/make" "cmTC_96a7a/fast"
/usr/bin/make -f CMakeFiles/cmTC_96a7a.dir/build.make CMakeFiles/cmTC_96a7a.dir/build
make[1]: Entering directory '/home/IN/jova0386/SciVis2018/CMakeFiles/CMakeTmp'
Building CXX object CMakeFiles/cmTC_96a7a.dir/testCXXCompiler.cxx.o
/usr/bin/c++     -o CMakeFiles/cmTC_96a7a.dir/testCXXCompiler.cxx.o -c /home/IN/jova0386/SciVis2018/CMakeFiles/CMakeTmp/testCXXCompiler.cxx
Linking CXX executable cmTC_96a7a
/usr/bin/cmake -E cmake_link_script CMakeFiles/cmTC_96a7a.dir/link.txt --verbose=1
/usr/bin/c++       -rdynamic CMakeFiles/cmTC_96a7a.dir/testCXXCompiler.cxx.o  -o cmTC_96a7a 
make[1]: Leaving directory '/home/IN/jova0386/SciVis2018/CMakeFiles/CMakeTmp'


Detecting CXX compiler ABI info compiled with the following output:
Change Dir: /home/IN/jova0386/SciVis2018/CMakeFiles/CMakeTmp

Run Build Command:"/usr/bin/make" "cmTC_730ae/fast"
/usr/bin/make -f CMakeFiles/cmTC_730ae.dir/build.make CMakeFiles/cmTC_730ae.dir/build
make[1]: Entering directory '/home/IN/jova0386/SciVis2018/CMakeFiles/CMakeTmp'
Building CXX object CMakeFiles/cmTC_730ae.dir/CMakeCXXCompilerABI.cpp.o
/usr/bin/c++     -o CMakeFiles/cmTC_730ae.dir/CMakeCXXCompilerABI.cpp.o -c /usr/share/cmake-3.10/Modules/CMakeCXXCompilerABI.cpp
Linking CXX executable cmTC_730ae
/usr/bin/cmake -E cmake_link_script CMakeFiles/cmTC_730ae.dir/link.txt --verbose=1
/usr/bin/c++      -v -rdynamic CMakeFiles/cmTC_730ae.dir/CMakeCXXCompilerABI.cpp.o  -o cmTC_730ae 
Using built-in specs.
COLLECT_GCC=/usr/bin/c++
COLLECT_LTO_WRAPPER=/usr/lib/gcc/x86_64-pc-linux-gnu/7.3.1/lto-wrapper
Target: x86_64-pc-linux-gnu
Configured with: /build/gcc/src/gcc/configure --prefix=/usr --libdir=/usr/lib --libexecdir=/usr/lib --mandir=/usr/share/man --infodir=/usr/share/info --with-bugurl=https://bugs.archlinux.org/ --enable-languages=c,c++,ada,fortran,go,lto,objc,obj-c++ --enable-shared --enable-threads=posix --enable-libmpx --with-system-zlib --with-isl --enable-__cxa_atexit --disable-libunwind-exceptions --enable-clocale=gnu --disable-libstdcxx-pch --disable-libssp --enable-gnu-unique-object --enable-linker-build-id --enable-lto --enable-plugin --enable-install-libiberty --with-linker-hash-style=gnu --enable-gnu-indirect-function --enable-multilib --disable-werror --enable-checking=release --enable-default-pie --enable-default-ssp
Thread model: posix
gcc version 7.3.1 20180312 (GCC) 
COMPILER_PATH=/usr/lib/gcc/x86_64-pc-linux-gnu/7.3.1/:/usr/lib/gcc/x86_64-pc-linux-gnu/7.3.1/:/usr/lib/gcc/x86_64-pc-linux-gnu/:/usr/lib/gcc/x86_64-pc-linux-gnu/7.3.1/:/usr/lib/gcc/x86_64-pc-linux-gnu/
LIBRARY_PATH=/usr/lib/gcc/x86_64-pc-linux-gnu/7.3.1/:/usr/lib/gcc/x86_64-pc-linux-gnu/7.3.1/../../../../lib/:/lib/../lib/:/usr/lib/../lib/:/opt/intel/composerxe/compiler/lib/intel64/:/opt/intel/composerxe/ipp/../compiler/lib/intel64/:/opt/intel/composerxe/ipp/lib/intel64/:/opt/intel/composerxe/compiler/lib/intel64/:/opt/intel/composerxe/mkl/lib/intel64/:/opt/intel/composerxe/tbb/lib/intel64/gcc4.1/:/usr/lib/gcc/x86_64-pc-linux-gnu/7.3.1/../../../:/lib/:/usr/lib/
COLLECT_GCC_OPTIONS='-v' '-rdynamic' '-o' 'cmTC_730ae' '-shared-libgcc' '-mtune=generic' '-march=x86-64'
 /usr/lib/gcc/x86_64-pc-linux-gnu/7.3.1/collect2 -plugin /usr/lib/gcc/x86_64-pc-linux-gnu/7.3.1/liblto_plugin.so -plugin-opt=/usr/lib/gcc/x86_64-pc-linux-gnu/7.3.1/lto-wrapper -plugin-opt=-fresolution=/tmp/cc2eALdp.res -plugin-opt=-pass-through=-lgcc_s -plugin-opt=-pass-through=-lgcc -plugin-opt=-pass-through=-lc -plugin-opt=-pass-through=-lgcc_s -plugin-opt=-pass-through=-lgcc --build-id --eh-frame-hdr --hash-style=gnu -m elf_x86_64 -export-dynamic -dynamic-linker /lib64/ld-linux-x86-64.so.2 -pie -o cmTC_730ae /usr/lib/gcc/x86_64-pc-linux-gnu/7.3.1/../../../../lib/Scrt1.o /usr/lib/gcc/x86_64-pc-linux-gnu/7.3.1/../../../../lib/crti.o /usr/lib/gcc/x86_64-pc-linux-gnu/7.3.1/crtbeginS.o -L/usr/lib/gcc/x86_64-pc-linux-gnu/7.3.1 -L/usr/lib/gcc/x86_64-pc-linux-gnu/7.3.1/../../../../lib -L/lib/../lib -L/usr/lib/../lib -L/opt/intel/composerxe/compiler/lib/intel64 -L/opt/intel/composerxe/ipp/../compiler/lib/intel64 -L/opt/intel/composerxe/ipp/lib/intel64 -L/opt/intel/composerxe/compiler/lib/intel64 -L/opt/intel/composerxe/mkl/lib/intel64 -L/opt/intel/composerxe/tbb/lib/intel64/gcc4.1 -L/usr/lib/gcc/x86_64-pc-linux-gnu/7.3.1/../../.. CMakeFiles/cmTC_730ae.dir/CMakeCXXCompilerABI.cpp.o -lstdc++ -lm -lgcc_s -lgcc -lc -lgcc_s -lgcc /usr/lib/gcc/x86_64-pc-linux-gnu/7.3.1/crtendS.o /usr/lib/gcc/x86_64-pc-linux-gnu/7.3.1/../../../../lib/crtn.o
COLLECT_GCC_OPTIONS='-v' '-rdynamic' '-o' 'cmTC_730ae' '-shared-libgcc' '-mtune=generic' '-march=x86-64'
make[1]: Leaving directory '/home/IN/jova0386/SciVis2018/CMakeFiles/CMakeTmp'


Parsed CXX implicit link information from above output:
  link line regex: [^( *|.*[/\])(ld|CMAKE_LINK_STARTFILE-NOTFOUND|([^/\]+-)?ld|collect2)[^/\]*( |$)]
  ignore line: [Change Dir: /home/IN/jova0386/SciVis2018/CMakeFiles/CMakeTmp]
  ignore line: []
  ignore line: [Run Build Command:"/usr/bin/make" "cmTC_730ae/fast"]
  ignore line: [/usr/bin/make -f CMakeFiles/cmTC_730ae.dir/build.make CMakeFiles/cmTC_730ae.dir/build]
  ignore line: [make[1]: Entering directory '/home/IN/jova0386/SciVis2018/CMakeFiles/CMakeTmp']
  ignore line: [Building CXX object CMakeFiles/cmTC_730ae.dir/CMakeCXXCompilerABI.cpp.o]
  ignore line: [/usr/bin/c++     -o CMakeFiles/cmTC_730ae.dir/CMakeCXXCompilerABI.cpp.o -c /usr/share/cmake-3.10/Modules/CMakeCXXCompilerABI.cpp]
  ignore line: [Linking CXX executable cmTC_730ae]
  ignore line: [/usr/bin/cmake -E cmake_link_script CMakeFiles/cmTC_730ae.dir/link.txt --verbose=1]
  ignore line: [/usr/bin/c++      -v -rdynamic CMakeFiles/cmTC_730ae.dir/CMakeCXXCompilerABI.cpp.o  -o cmTC_730ae ]
  ignore line: [Using built-in specs.]
  ignore line: [COLLECT_GCC=/usr/bin/c++]
  ignore line: [COLLECT_LTO_WRAPPER=/usr/lib/gcc/x86_64-pc-linux-gnu/7.3.1/lto-wrapper]
  ignore line: [Target: x86_64-pc-linux-gnu]
  ignore line: [Configured with: /build/gcc/src/gcc/configure --prefix=/usr --libdir=/usr/lib --libexecdir=/usr/lib --mandir=/usr/share/man --infodir=/usr/share/info --with-bugurl=https://bugs.archlinux.org/ --enable-languages=c,c++,ada,fortran,go,lto,objc,obj-c++ --enable-shared --enable-threads=posix --enable-libmpx --with-system-zlib --with-isl --enable-__cxa_atexit --disable-libunwind-exceptions --enable-clocale=gnu --disable-libstdcxx-pch --disable-libssp --enable-gnu-unique-object --enable-linker-build-id --enable-lto --enable-plugin --enable-install-libiberty --with-linker-hash-style=gnu --enable-gnu-indirect-function --enable-multilib --disable-werror --enable-checking=release --enable-default-pie --enable-default-ssp]
  ignore line: [Thread model: posix]
  ignore line: [gcc version 7.3.1 20180312 (GCC) ]
  ignore line: [COMPILER_PATH=/usr/lib/gcc/x86_64-pc-linux-gnu/7.3.1/:/usr/lib/gcc/x86_64-pc-linux-gnu/7.3.1/:/usr/lib/gcc/x86_64-pc-linux-gnu/:/usr/lib/gcc/x86_64-pc-linux-gnu/7.3.1/:/usr/lib/gcc/x86_64-pc-linux-gnu/]
  ignore line: [LIBRARY_PATH=/usr/lib/gcc/x86_64-pc-linux-gnu/7.3.1/:/usr/lib/gcc/x86_64-pc-linux-gnu/7.3.1/../../../../lib/:/lib/../lib/:/usr/lib/../lib/:/opt/intel/composerxe/compiler/lib/intel64/:/opt/intel/composerxe/ipp/../compiler/lib/intel64/:/opt/intel/composerxe/ipp/lib/intel64/:/opt/intel/composerxe/compiler/lib/intel64/:/opt/intel/composerxe/mkl/lib/intel64/:/opt/intel/composerxe/tbb/lib/intel64/gcc4.1/:/usr/lib/gcc/x86_64-pc-linux-gnu/7.3.1/../../../:/lib/:/usr/lib/]
  ignore line: [COLLECT_GCC_OPTIONS='-v' '-rdynamic' '-o' 'cmTC_730ae' '-shared-libgcc' '-mtune=generic' '-march=x86-64']
  link line: [ /usr/lib/gcc/x86_64-pc-linux-gnu/7.3.1/collect2 -plugin /usr/lib/gcc/x86_64-pc-linux-gnu/7.3.1/liblto_plugin.so -plugin-opt=/usr/lib/gcc/x86_64-pc-linux-gnu/7.3.1/lto-wrapper -plugin-opt=-fresolution=/tmp/cc2eALdp.res -plugin-opt=-pass-through=-lgcc_s -plugin-opt=-pass-through=-lgcc -plugin-opt=-pass-through=-lc -plugin-opt=-pass-through=-lgcc_s -plugin-opt=-pass-through=-lgcc --build-id --eh-frame-hdr --hash-style=gnu -m elf_x86_64 -export-dynamic -dynamic-linker /lib64/ld-linux-x86-64.so.2 -pie -o cmTC_730ae /usr/lib/gcc/x86_64-pc-linux-gnu/7.3.1/../../../../lib/Scrt1.o /usr/lib/gcc/x86_64-pc-linux-gnu/7.3.1/../../../../lib/crti.o /usr/lib/gcc/x86_64-pc-linux-gnu/7.3.1/crtbeginS.o -L/usr/lib/gcc/x86_64-pc-linux-gnu/7.3.1 -L/usr/lib/gcc/x86_64-pc-linux-gnu/7.3.1/../../../../lib -L/lib/../lib -L/usr/lib/../lib -L/opt/intel/composerxe/compiler/lib/intel64 -L/opt/intel/composerxe/ipp/../compiler/lib/intel64 -L/opt/intel/composerxe/ipp/lib/intel64 -L/opt/intel/composerxe/compiler/lib/intel64 -L/opt/intel/composerxe/mkl/lib/intel64 -L/opt/intel/composerxe/tbb/lib/intel64/gcc4.1 -L/usr/lib/gcc/x86_64-pc-linux-gnu/7.3.1/../../.. CMakeFiles/cmTC_730ae.dir/CMakeCXXCompilerABI.cpp.o -lstdc++ -lm -lgcc_s -lgcc -lc -lgcc_s -lgcc /usr/lib/gcc/x86_64-pc-linux-gnu/7.3.1/crtendS.o /usr/lib/gcc/x86_64-pc-linux-gnu/7.3.1/../../../../lib/crtn.o]
    arg [/usr/lib/gcc/x86_64-pc-linux-gnu/7.3.1/collect2] ==> ignore
    arg [-plugin] ==> ignore
    arg [/usr/lib/gcc/x86_64-pc-linux-gnu/7.3.1/liblto_plugin.so] ==> ignore
    arg [-plugin-opt=/usr/lib/gcc/x86_64-pc-linux-gnu/7.3.1/lto-wrapper] ==> ignore
    arg [-plugin-opt=-fresolution=/tmp/cc2eALdp.res] ==> ignore
    arg [-plugin-opt=-pass-through=-lgcc_s] ==> ignore
    arg [-plugin-opt=-pass-through=-lgcc] ==> ignore
    arg [-plugin-opt=-pass-through=-lc] ==> ignore
    arg [-plugin-opt=-pass-through=-lgcc_s] ==> ignore
    arg [-plugin-opt=-pass-through=-lgcc] ==> ignore
    arg [--build-id] ==> ignore
    arg [--eh-frame-hdr] ==> ignore
    arg [--hash-style=gnu] ==> ignore
    arg [-m] ==> ignore
    arg [elf_x86_64] ==> ignore
    arg [-export-dynamic] ==> ignore
    arg [-dynamic-linker] ==> ignore
    arg [/lib64/ld-linux-x86-64.so.2] ==> ignore
    arg [-pie] ==> ignore
    arg [-o] ==> ignore
    arg [cmTC_730ae] ==> ignore
    arg [/usr/lib/gcc/x86_64-pc-linux-gnu/7.3.1/../../../../lib/Scrt1.o] ==> ignore
    arg [/usr/lib/gcc/x86_64-pc-linux-gnu/7.3.1/../../../../lib/crti.o] ==> ignore
    arg [/usr/lib/gcc/x86_64-pc-linux-gnu/7.3.1/crtbeginS.o] ==> ignore
    arg [-L/usr/lib/gcc/x86_64-pc-linux-gnu/7.3.1] ==> dir [/usr/lib/gcc/x86_64-pc-linux-gnu/7.3.1]
    arg [-L/usr/lib/gcc/x86_64-pc-linux-gnu/7.3.1/../../../../lib] ==> dir [/usr/lib/gcc/x86_64-pc-linux-gnu/7.3.1/../../../../lib]
    arg [-L/lib/../lib] ==> dir [/lib/../lib]
    arg [-L/usr/lib/../lib] ==> dir [/usr/lib/../lib]
    arg [-L/opt/intel/composerxe/compiler/lib/intel64] ==> dir [/opt/intel/composerxe/compiler/lib/intel64]
    arg [-L/opt/intel/composerxe/ipp/../compiler/lib/intel64] ==> dir [/opt/intel/composerxe/ipp/../compiler/lib/intel64]
    arg [-L/opt/intel/composerxe/ipp/lib/intel64] ==> dir [/opt/intel/composerxe/ipp/lib/intel64]
    arg [-L/opt/intel/composerxe/compiler/lib/intel64] ==> dir [/opt/intel/composerxe/compiler/lib/intel64]
    arg [-L/opt/intel/composerxe/mkl/lib/intel64] ==> dir [/opt/intel/composerxe/mkl/lib/intel64]
    arg [-L/opt/intel/composerxe/tbb/lib/intel64/gcc4.1] ==> dir [/opt/intel/composerxe/tbb/lib/intel64/gcc4.1]
    arg [-L/usr/lib/gcc/x86_64-pc-linux-gnu/7.3.1/../../..] ==> dir [/usr/lib/gcc/x86_64-pc-linux-gnu/7.3.1/../../..]
    arg [CMakeFiles/cmTC_730ae.dir/CMakeCXXCompilerABI.cpp.o] ==> ignore
    arg [-lstdc++] ==> lib [stdc++]
    arg [-lm] ==> lib [m]
    arg [-lgcc_s] ==> lib [gcc_s]
    arg [-lgcc] ==> lib [gcc]
    arg [-lc] ==> lib [c]
    arg [-lgcc_s] ==> lib [gcc_s]
    arg [-lgcc] ==> lib [gcc]
    arg [/usr/lib/gcc/x86_64-pc-linux-gnu/7.3.1/crtendS.o] ==> ignore
    arg [/usr/lib/gcc/x86_64-pc-linux-gnu/7.3.1/../../../../lib/crtn.o] ==> ignore
  collapse library dir [/usr/lib/gcc/x86_64-pc-linux-gnu/7.3.1] ==> [/usr/lib/gcc/x86_64-pc-linux-gnu/7.3.1]
  collapse library dir [/usr/lib/gcc/x86_64-pc-linux-gnu/7.3.1/../../../../lib] ==> [/usr/lib]
  collapse library dir [/lib/../lib] ==> [/lib]
  collapse library dir [/usr/lib/../lib] ==> [/usr/lib]
  collapse library dir [/opt/intel/composerxe/compiler/lib/intel64] ==> [/opt/intel/composerxe/compiler/lib/intel64]
  collapse library dir [/opt/intel/composerxe/ipp/../compiler/lib/intel64] ==> [/opt/intel/composerxe/compiler/lib/intel64]
  collapse library dir [/opt/intel/composerxe/ipp/lib/intel64] ==> [/opt/intel/composerxe/ipp/lib/intel64]
  collapse library dir [/opt/intel/composerxe/compiler/lib/intel64] ==> [/opt/intel/composerxe/compiler/lib/intel64]
  collapse library dir [/opt/intel/composerxe/mkl/lib/intel64] ==> [/opt/intel/composerxe/mkl/lib/intel64]
  collapse library dir [/opt/intel/composerxe/tbb/lib/intel64/gcc4.1] ==> [/opt/intel/composerxe/tbb/lib/intel64/gcc4.1]
  collapse library dir [/usr/lib/gcc/x86_64-pc-linux-gnu/7.3.1/../../..] ==> [/usr/lib]
  implicit libs: [stdc++;m;gcc_s;gcc;c;gcc_s;gcc]
  implicit dirs: [/usr/lib/gcc/x86_64-pc-linux-gnu/7.3.1;/usr/lib;/lib;/opt/intel/composerxe/compiler/lib/intel64;/opt/intel/composerxe/ipp/lib/intel64;/opt/intel/composerxe/mkl/lib/intel64;/opt/intel/composerxe/tbb/lib/intel64/gcc4.1]
  implicit fwks: []




Detecting CXX [-std=c++1z] compiler features compiled with the following output:
Change Dir: /home/IN/jova0386/SciVis2018/CMakeFiles/CMakeTmp

Run Build Command:"/usr/bin/make" "cmTC_0c317/fast"
/usr/bin/make -f CMakeFiles/cmTC_0c317.dir/build.make CMakeFiles/cmTC_0c317.dir/build
make[1]: Entering directory '/home/IN/jova0386/SciVis2018/CMakeFiles/CMakeTmp'
Building CXX object CMakeFiles/cmTC_0c317.dir/feature_tests.cxx.o
/usr/bin/c++    -std=c++1z -o CMakeFiles/cmTC_0c317.dir/feature_tests.cxx.o -c /home/IN/jova0386/SciVis2018/CMakeFiles/feature_tests.cxx
Linking CXX executable cmTC_0c317
/usr/bin/cmake -E cmake_link_script CMakeFiles/cmTC_0c317.dir/link.txt --verbose=1
/usr/bin/c++       -rdynamic CMakeFiles/cmTC_0c317.dir/feature_tests.cxx.o  -o cmTC_0c317 
make[1]: Leaving directory '/home/IN/jova0386/SciVis2018/CMakeFiles/CMakeTmp'


    Feature record: CXX_FEATURE:1cxx_aggregate_default_initializers
    Feature record: CXX_FEATURE:1cxx_alias_templates
    Feature record: CXX_FEATURE:1cxx_alignas
    Feature record: CXX_FEATURE:1cxx_alignof
    Feature record: CXX_FEATURE:1cxx_attributes
    Feature record: CXX_FEATURE:1cxx_attribute_deprecated
    Feature record: CXX_FEATURE:1cxx_auto_type
    Feature record: CXX_FEATURE:1cxx_binary_literals
    Feature record: CXX_FEATURE:1cxx_constexpr
    Feature record: CXX_FEATURE:1cxx_contextual_conversions
    Feature record: CXX_FEATURE:1cxx_decltype
    Feature record: CXX_FEATURE:1cxx_decltype_auto
    Feature record: CXX_FEATURE:1cxx_decltype_incomplete_return_types
    Feature record: CXX_FEATURE:1cxx_default_function_template_args
    Feature record: CXX_FEATURE:1cxx_defaulted_functions
    Feature record: CXX_FEATURE:1cxx_defaulted_move_initializers
    Feature record: CXX_FEATURE:1cxx_delegating_constructors
    Feature record: CXX_FEATURE:1cxx_deleted_functions
    Feature record: CXX_FEATURE:1cxx_digit_separators
    Feature record: CXX_FEATURE:1cxx_enum_forward_declarations
    Feature record: CXX_FEATURE:1cxx_explicit_conversions
    Feature record: CXX_FEATURE:1cxx_extended_friend_declarations
    Feature record: CXX_FEATURE:1cxx_extern_templates
    Feature record: CXX_FEATURE:1cxx_final
    Feature record: CXX_FEATURE:1cxx_func_identifier
    Feature record: CXX_FEATURE:1cxx_generalized_initializers
    Feature record: CXX_FEATURE:1cxx_generic_lambdas
    Feature record: CXX_FEATURE:1cxx_inheriting_constructors
    Feature record: CXX_FEATURE:1cxx_inline_namespaces
    Feature record: CXX_FEATURE:1cxx_lambdas
    Feature record: CXX_FEATURE:1cxx_lambda_init_captures
    Feature record: CXX_FEATURE:1cxx_local_type_template_args
    Feature record: CXX_FEATURE:1cxx_long_long_type
    Feature record: CXX_FEATURE:1cxx_noexcept
    Feature record: CXX_FEATURE:1cxx_nonstatic_member_init
    Feature record: CXX_FEATURE:1cxx_nullptr
    Feature record: CXX_FEATURE:1cxx_override
    Feature record: CXX_FEATURE:1cxx_range_for
    Feature record: CXX_FEATURE:1cxx_raw_string_literals
    Feature record: CXX_FEATURE:1cxx_reference_qualified_functions
    Feature record: CXX_FEATURE:1cxx_relaxed_constexpr
    Feature record: CXX_FEATURE:1cxx_return_type_deduction
    Feature record: CXX_FEATURE:1cxx_right_angle_brackets
    Feature record: CXX_FEATURE:1cxx_rvalue_references
    Feature record: CXX_FEATURE:1cxx_sizeof_member
    Feature record: CXX_FEATURE:1cxx_static_assert
    Feature record: CXX_FEATURE:1cxx_strong_enums
    Feature record: CXX_FEATURE:1cxx_template_template_parameters
    Feature record: CXX_FEATURE:1cxx_thread_local
    Feature record: CXX_FEATURE:1cxx_trailing_return_types
    Feature record: CXX_FEATURE:1cxx_unicode_literals
    Feature record: CXX_FEATURE:1cxx_uniform_initialization
    Feature record: CXX_FEATURE:1cxx_unrestricted_unions
    Feature record: CXX_FEATURE:1cxx_user_literals
    Feature record: CXX_FEATURE:1cxx_variable_templates
    Feature record: CXX_FEATURE:1cxx_variadic_macros
    Feature record: CXX_FEATURE:1cxx_variadic_templates


Detecting CXX [-std=c++14] compiler features compiled with the following output:
Change Dir: /home/IN/jova0386/SciVis2018/CMakeFiles/CMakeTmp

Run Build Command:"/usr/bin/make" "cmTC_280a0/fast"
/usr/bin/make -f CMakeFiles/cmTC_280a0.dir/build.make CMakeFiles/cmTC_280a0.dir/build
make[1]: Entering directory '/home/IN/jova0386/SciVis2018/CMakeFiles/CMakeTmp'
Building CXX object CMakeFiles/cmTC_280a0.dir/feature_tests.cxx.o
/usr/bin/c++    -std=c++14 -o CMakeFiles/cmTC_280a0.dir/feature_tests.cxx.o -c /home/IN/jova0386/SciVis2018/CMakeFiles/feature_tests.cxx
Linking CXX executable cmTC_280a0
/usr/bin/cmake -E cmake_link_script CMakeFiles/cmTC_280a0.dir/link.txt --verbose=1
/usr/bin/c++       -rdynamic CMakeFiles/cmTC_280a0.dir/feature_tests.cxx.o  -o cmTC_280a0 
make[1]: Leaving directory '/home/IN/jova0386/SciVis2018/CMakeFiles/CMakeTmp'


    Feature record: CXX_FEATURE:1cxx_aggregate_default_initializers
    Feature record: CXX_FEATURE:1cxx_alias_templates
    Feature record: CXX_FEATURE:1cxx_alignas
    Feature record: CXX_FEATURE:1cxx_alignof
    Feature record: CXX_FEATURE:1cxx_attributes
    Feature record: CXX_FEATURE:1cxx_attribute_deprecated
    Feature record: CXX_FEATURE:1cxx_auto_type
    Feature record: CXX_FEATURE:1cxx_binary_literals
    Feature record: CXX_FEATURE:1cxx_constexpr
    Feature record: CXX_FEATURE:1cxx_contextual_conversions
    Feature record: CXX_FEATURE:1cxx_decltype
    Feature record: CXX_FEATURE:1cxx_decltype_auto
    Feature record: CXX_FEATURE:1cxx_decltype_incomplete_return_types
    Feature record: CXX_FEATURE:1cxx_default_function_template_args
    Feature record: CXX_FEATURE:1cxx_defaulted_functions
    Feature record: CXX_FEATURE:1cxx_defaulted_move_initializers
    Feature record: CXX_FEATURE:1cxx_delegating_constructors
    Feature record: CXX_FEATURE:1cxx_deleted_functions
    Feature record: CXX_FEATURE:1cxx_digit_separators
    Feature record: CXX_FEATURE:1cxx_enum_forward_declarations
    Feature record: CXX_FEATURE:1cxx_explicit_conversions
    Feature record: CXX_FEATURE:1cxx_extended_friend_declarations
    Feature record: CXX_FEATURE:1cxx_extern_templates
    Feature record: CXX_FEATURE:1cxx_final
    Feature record: CXX_FEATURE:1cxx_func_identifier
    Feature record: CXX_FEATURE:1cxx_generalized_initializers
    Feature record: CXX_FEATURE:1cxx_generic_lambdas
    Feature record: CXX_FEATURE:1cxx_inheriting_constructors
    Feature record: CXX_FEATURE:1cxx_inline_namespaces
    Feature record: CXX_FEATURE:1cxx_lambdas
    Feature record: CXX_FEATURE:1cxx_lambda_init_captures
    Feature record: CXX_FEATURE:1cxx_local_type_template_args
    Feature record: CXX_FEATURE:1cxx_long_long_type
    Feature record: CXX_FEATURE:1cxx_noexcept
    Feature record: CXX_FEATURE:1cxx_nonstatic_member_init
    Feature record: CXX_FEATURE:1cxx_nullptr
    Feature record: CXX_FEATURE:1cxx_override
    Feature record: CXX_FEATURE:1cxx_range_for
    Feature record: CXX_FEATURE:1cxx_raw_string_literals
    Feature record: CXX_FEATURE:1cxx_reference_qualified_functions
    Feature record: CXX_FEATURE:1cxx_relaxed_constexpr
    Feature record: CXX_FEATURE:1cxx_return_type_deduction
    Feature record: CXX_FEATURE:1cxx_right_angle_brackets
    Feature record: CXX_FEATURE:1cxx_rvalue_references
    Feature record: CXX_FEATURE:1cxx_sizeof_member
    Feature record: CXX_FEATURE:1cxx_static_assert
    Feature record: CXX_FEATURE:1cxx_strong_enums
    Feature record: CXX_FEATURE:1cxx_template_template_parameters
    Feature record: CXX_FEATURE:1cxx_thread_local
    Feature record: CXX_FEATURE:1cxx_trailing_return_types
    Feature record: CXX_FEATURE:1cxx_unicode_literals
    Feature record: CXX_FEATURE:1cxx_uniform_initialization
    Feature record: CXX_FEATURE:1cxx_unrestricted_unions
    Feature record: CXX_FEATURE:1cxx_user_literals
    Feature record: CXX_FEATURE:1cxx_variable_templates
    Feature record: CXX_FEATURE:1cxx_variadic_macros
    Feature record: CXX_FEATURE:1cxx_variadic_templates


Detecting CXX [-std=c++11] compiler features compiled with the following output:
Change Dir: /home/IN/jova0386/SciVis2018/CMakeFiles/CMakeTmp

Run Build Command:"/usr/bin/make" "cmTC_b9591/fast"
/usr/bin/make -f CMakeFiles/cmTC_b9591.dir/build.make CMakeFiles/cmTC_b9591.dir/build
make[1]: Entering directory '/home/IN/jova0386/SciVis2018/CMakeFiles/CMakeTmp'
Building CXX object CMakeFiles/cmTC_b9591.dir/feature_tests.cxx.o
/usr/bin/c++    -std=c++11 -o CMakeFiles/cmTC_b9591.dir/feature_tests.cxx.o -c /home/IN/jova0386/SciVis2018/CMakeFiles/feature_tests.cxx
Linking CXX executable cmTC_b9591
/usr/bin/cmake -E cmake_link_script CMakeFiles/cmTC_b9591.dir/link.txt --verbose=1
/usr/bin/c++       -rdynamic CMakeFiles/cmTC_b9591.dir/feature_tests.cxx.o  -o cmTC_b9591 
make[1]: Leaving directory '/home/IN/jova0386/SciVis2018/CMakeFiles/CMakeTmp'


    Feature record: CXX_FEATURE:0cxx_aggregate_default_initializers
    Feature record: CXX_FEATURE:1cxx_alias_templates
    Feature record: CXX_FEATURE:1cxx_alignas
    Feature record: CXX_FEATURE:1cxx_alignof
    Feature record: CXX_FEATURE:1cxx_attributes
    Feature record: CXX_FEATURE:0cxx_attribute_deprecated
    Feature record: CXX_FEATURE:1cxx_auto_type
    Feature record: CXX_FEATURE:0cxx_binary_literals
    Feature record: CXX_FEATURE:1cxx_constexpr
    Feature record: CXX_FEATURE:0cxx_contextual_conversions
    Feature record: CXX_FEATURE:1cxx_decltype
    Feature record: CXX_FEATURE:0cxx_decltype_auto
    Feature record: CXX_FEATURE:1cxx_decltype_incomplete_return_types
    Feature record: CXX_FEATURE:1cxx_default_function_template_args
    Feature record: CXX_FEATURE:1cxx_defaulted_functions
    Feature record: CXX_FEATURE:1cxx_defaulted_move_initializers
    Feature record: CXX_FEATURE:1cxx_delegating_constructors
    Feature record: CXX_FEATURE:1cxx_deleted_functions
    Feature record: CXX_FEATURE:0cxx_digit_separators
    Feature record: CXX_FEATURE:1cxx_enum_forward_declarations
    Feature record: CXX_FEATURE:1cxx_explicit_conversions
    Feature record: CXX_FEATURE:1cxx_extended_friend_declarations
    Feature record: CXX_FEATURE:1cxx_extern_templates
    Feature record: CXX_FEATURE:1cxx_final
    Feature record: CXX_FEATURE:1cxx_func_identifier
    Feature record: CXX_FEATURE:1cxx_generalized_initializers
    Feature record: CXX_FEATURE:0cxx_generic_lambdas
    Feature record: CXX_FEATURE:1cxx_inheriting_constructors
    Feature record: CXX_FEATURE:1cxx_inline_namespaces
    Feature record: CXX_FEATURE:1cxx_lambdas
    Feature record: CXX_FEATURE:0cxx_lambda_init_captures
    Feature record: CXX_FEATURE:1cxx_local_type_template_args
    Feature record: CXX_FEATURE:1cxx_long_long_type
    Feature record: CXX_FEATURE:1cxx_noexcept
    Feature record: CXX_FEATURE:1cxx_nonstatic_member_init
    Feature record: CXX_FEATURE:1cxx_nullptr
    Feature record: CXX_FEATURE:1cxx_override
    Feature record: CXX_FEATURE:1cxx_range_for
    Feature record: CXX_FEATURE:1cxx_raw_string_literals
    Feature record: CXX_FEATURE:1cxx_reference_qualified_functions
    Feature record: CXX_FEATURE:0cxx_relaxed_constexpr
    Feature record: CXX_FEATURE:0cxx_return_type_deduction
    Feature record: CXX_FEATURE:1cxx_right_angle_brackets
    Feature record: CXX_FEATURE:1cxx_rvalue_references
    Feature record: CXX_FEATURE:1cxx_sizeof_member
    Feature record: CXX_FEATURE:1cxx_static_assert
    Feature record: CXX_FEATURE:1cxx_strong_enums
    Feature record: CXX_FEATURE:1cxx_template_template_parameters
    Feature record: CXX_FEATURE:1cxx_thread_local
    Feature record: CXX_FEATURE:1cxx_trailing_return_types
    Feature record: CXX_FEATURE:1cxx_unicode_literals
    Feature record: CXX_FEATURE:1cxx_uniform_initialization
    Feature record: CXX_FEATURE:1cxx_unrestricted_unions
    Feature record: CXX_FEATURE:1cxx_user_literals
    Feature record: CXX_FEATURE:0cxx_variable_templates
    Feature record: CXX_FEATURE:1cxx_variadic_macros
    Feature record: CXX_FEATURE:1cxx_variadic_templates


Detecting CXX [-std=c++98] compiler features compiled with the following output:
Change Dir: /home/IN/jova0386/SciVis2018/CMakeFiles/CMakeTmp

Run Build Command:"/usr/bin/make" "cmTC_6cdd1/fast"
/usr/bin/make -f CMakeFiles/cmTC_6cdd1.dir/build.make CMakeFiles/cmTC_6cdd1.dir/build
make[1]: Entering directory '/home/IN/jova0386/SciVis2018/CMakeFiles/CMakeTmp'
Building CXX object CMakeFiles/cmTC_6cdd1.dir/feature_tests.cxx.o
/usr/bin/c++    -std=c++98 -o CMakeFiles/cmTC_6cdd1.dir/feature_tests.cxx.o -c /home/IN/jova0386/SciVis2018/CMakeFiles/feature_tests.cxx
Linking CXX executable cmTC_6cdd1
/usr/bin/cmake -E cmake_link_script CMakeFiles/cmTC_6cdd1.dir/link.txt --verbose=1
/usr/bin/c++       -rdynamic CMakeFiles/cmTC_6cdd1.dir/feature_tests.cxx.o  -o cmTC_6cdd1 
make[1]: Leaving directory '/home/IN/jova0386/SciVis2018/CMakeFiles/CMakeTmp'


    Feature record: CXX_FEATURE:0cxx_aggregate_default_initializers
    Feature record: CXX_FEATURE:0cxx_alias_templates
    Feature record: CXX_FEATURE:0cxx_alignas
    Feature record: CXX_FEATURE:0cxx_alignof
    Feature record: CXX_FEATURE:0cxx_attributes
    Feature record: CXX_FEATURE:0cxx_attribute_deprecated
    Feature record: CXX_FEATURE:0cxx_auto_type
    Feature record: CXX_FEATURE:0cxx_binary_literals
    Feature record: CXX_FEATURE:0cxx_constexpr
    Feature record: CXX_FEATURE:0cxx_contextual_conversions
    Feature record: CXX_FEATURE:0cxx_decltype
    Feature record: CXX_FEATURE:0cxx_decltype_auto
    Feature record: CXX_FEATURE:0cxx_decltype_incomplete_return_types
    Feature record: CXX_FEATURE:0cxx_default_function_template_args
    Feature record: CXX_FEATURE:0cxx_defaulted_functions
    Feature record: CXX_FEATURE:0cxx_defaulted_move_initializers
    Feature record: CXX_FEATURE:0cxx_delegating_constructors
    Feature record: CXX_FEATURE:0cxx_deleted_functions
    Feature record: CXX_FEATURE:0cxx_digit_separators
    Feature record: CXX_FEATURE:0cxx_enum_forward_declarations
    Feature record: CXX_FEATURE:0cxx_explicit_conversions
    Feature record: CXX_FEATURE:0cxx_extended_friend_declarations
    Feature record: CXX_FEATURE:0cxx_extern_templates
    Feature record: CXX_FEATURE:0cxx_final
    Feature record: CXX_FEATURE:0cxx_func_identifier
    Feature record: CXX_FEATURE:0cxx_generalized_initializers
    Feature record: CXX_FEATURE:0cxx_generic_lambdas
    Feature record: CXX_FEATURE:0cxx_inheriting_constructors
    Feature record: CXX_FEATURE:0cxx_inline_namespaces
    Feature record: CXX_FEATURE:0cxx_lambdas
    Feature record: CXX_FEATURE:0cxx_lambda_init_captures
    Feature record: CXX_FEATURE:0cxx_local_type_template_args
    Feature record: CXX_FEATURE:0cxx_long_long_type
    Feature record: CXX_FEATURE:0cxx_noexcept
    Feature record: CXX_FEATURE:0cxx_nonstatic_member_init
    Feature record: CXX_FEATURE:0cxx_nullptr
    Feature record: CXX_FEATURE:0cxx_override
    Feature record: CXX_FEATURE:0cxx_range_for
    Feature record: CXX_FEATURE:0cxx_raw_string_literals
    Feature record: CXX_FEATURE:0cxx_reference_qualified_functions
    Feature record: CXX_FEATURE:0cxx_relaxed_constexpr
    Feature record: CXX_FEATURE:0cxx_return_type_deduction
    Feature record: CXX_FEATURE:0cxx_right_angle_brackets
    Feature record: CXX_FEATURE:0cxx_rvalue_references
    Feature record: CXX_FEATURE:0cxx_sizeof_member
    Feature record: CXX_FEATURE:0cxx_static_assert
    Feature record: CXX_FEATURE:0cxx_strong_enums
    Feature record: CXX_FEATURE:1cxx_template_template_parameters
    Feature record: CXX_FEATURE:0cxx_thread_local
    Feature record: CXX_FEATURE:0cxx_trailing_return_types
    Feature record: CXX_FEATURE:0cxx_unicode_literals
    Feature record: CXX_FEATURE:0cxx_uniform_initialization
    Feature record: CXX_FEATURE:0cxx_unrestricted_unions
    Feature record: CXX_FEATURE:0cxx_user_literals
    Feature record: CXX_FEATURE:0cxx_variable_templates
    Feature record: CXX_FEATURE:0cxx_variadic_macros
    Feature record: CXX_FEATURE:0cxx_variadic_templates
Determining if the include file pthread.h exists passed with the following output:
Change Dir: /home/IN/jova0386/SciVis2018/CMakeFiles/CMakeTmp

Run Build Command:"/usr/bin/make" "cmTC_f13c3/fast"
/usr/bin/make -f CMakeFiles/cmTC_f13c3.dir/build.make CMakeFiles/cmTC_f13c3.dir/build
make[1]: Entering directory '/home/IN/jova0386/SciVis2018/CMakeFiles/CMakeTmp'
Building C object CMakeFiles/cmTC_f13c3.dir/CheckIncludeFile.c.o
/usr/bin/cc    -o CMakeFiles/cmTC_f13c3.dir/CheckIncludeFile.c.o   -c /home/IN/jova0386/SciVis2018/CMakeFiles/CMakeTmp/CheckIncludeFile.c
Linking C executable cmTC_f13c3
/usr/bin/cmake -E cmake_link_script CMakeFiles/cmTC_f13c3.dir/link.txt --verbose=1
/usr/bin/cc      -rdynamic CMakeFiles/cmTC_f13c3.dir/CheckIncludeFile.c.o  -o cmTC_f13c3 
make[1]: Leaving directory '/home/IN/jova0386/SciVis2018/CMakeFiles/CMakeTmp'


Determining if the function pthread_create exists in the pthreads passed with the following output:
Change Dir: /home/IN/jova0386/SciVis2018/CMakeFiles/CMakeTmp

Run Build Command:"/usr/bin/make" "cmTC_dd73e/fast"
/usr/bin/make -f CMakeFiles/cmTC_dd73e.dir/build.make CMakeFiles/cmTC_dd73e.dir/build
make[1]: Entering directory '/home/IN/jova0386/SciVis2018/CMakeFiles/CMakeTmp'
Building C object CMakeFiles/cmTC_dd73e.dir/CheckFunctionExists.c.o
/usr/bin/cc   -DCHECK_FUNCTION_EXISTS=pthread_create   -o CMakeFiles/cmTC_dd73e.dir/CheckFunctionExists.c.o   -c /usr/share/cmake-3.10/Modules/CheckFunctionExists.c
Linking C executable cmTC_dd73e
/usr/bin/cmake -E cmake_link_script CMakeFiles/cmTC_dd73e.dir/link.txt --verbose=1
/usr/bin/cc  -DCHECK_FUNCTION_EXISTS=pthread_create    -rdynamic CMakeFiles/cmTC_dd73e.dir/CheckFunctionExists.c.o  -o cmTC_dd73e -lpthreads 
make[1]: Leaving directory '/home/IN/jova0386/SciVis2018/CMakeFiles/CMakeTmp'


Determining if the function XOpenDisplay exists in the /usr/lib/libX11.so;/usr/lib/libXext.so passed with the following output:
Change Dir: /home/IN/jova0386/SciVis2018/CMakeFiles/CMakeTmp

Run Build Command:"/usr/bin/make" "cmTC_22d5b/fast"
/usr/bin/make -f CMakeFiles/cmTC_22d5b.dir/build.make CMakeFiles/cmTC_22d5b.dir/build
make[1]: Entering directory '/home/IN/jova0386/SciVis2018/CMakeFiles/CMakeTmp'
Building C object CMakeFiles/cmTC_22d5b.dir/CheckFunctionExists.c.o
/usr/bin/cc   -DCHECK_FUNCTION_EXISTS=XOpenDisplay   -o CMakeFiles/cmTC_22d5b.dir/CheckFunctionExists.c.o   -c /usr/share/cmake-3.10/Modules/CheckFunctionExists.c
Linking C executable cmTC_22d5b
/usr/bin/cmake -E cmake_link_script CMakeFiles/cmTC_22d5b.dir/link.txt --verbose=1
/usr/bin/cc  -DCHECK_FUNCTION_EXISTS=XOpenDisplay    -rdynamic CMakeFiles/cmTC_22d5b.dir/CheckFunctionExists.c.o  -o cmTC_22d5b /usr/lib/libX11.so /usr/lib/libXext.so 
make[1]: Leaving directory '/home/IN/jova0386/SciVis2018/CMakeFiles/CMakeTmp'


Determining if the function gethostbyname exists passed with the following output:
Change Dir: /home/IN/jova0386/SciVis2018/CMakeFiles/CMakeTmp

Run Build Command:"/usr/bin/make" "cmTC_e316a/fast"
/usr/bin/make -f CMakeFiles/cmTC_e316a.dir/build.make CMakeFiles/cmTC_e316a.dir/build
make[1]: Entering directory '/home/IN/jova0386/SciVis2018/CMakeFiles/CMakeTmp'
Building C object CMakeFiles/cmTC_e316a.dir/CheckFunctionExists.c.o
/usr/bin/cc   -DCHECK_FUNCTION_EXISTS=gethostbyname   -o CMakeFiles/cmTC_e316a.dir/CheckFunctionExists.c.o   -c /usr/share/cmake-3.10/Modules/CheckFunctionExists.c
Linking C executable cmTC_e316a
/usr/bin/cmake -E cmake_link_script CMakeFiles/cmTC_e316a.dir/link.txt --verbose=1
/usr/bin/cc  -DCHECK_FUNCTION_EXISTS=gethostbyname    -rdynamic CMakeFiles/cmTC_e316a.dir/CheckFunctionExists.c.o  -o cmTC_e316a 
make[1]: Leaving directory '/home/IN/jova0386/SciVis2018/CMakeFiles/CMakeTmp'


Determining if the function connect exists passed with the following output:
Change Dir: /home/IN/jova0386/SciVis2018/CMakeFiles/CMakeTmp

Run Build Command:"/usr/bin/make" "cmTC_c4fc4/fast"
/usr/bin/make -f CMakeFiles/cmTC_c4fc4.dir/build.make CMakeFiles/cmTC_c4fc4.dir/build
make[1]: Entering directory '/home/IN/jova0386/SciVis2018/CMakeFiles/CMakeTmp'
Building C object CMakeFiles/cmTC_c4fc4.dir/CheckFunctionExists.c.o
/usr/bin/cc   -DCHECK_FUNCTION_EXISTS=connect   -o CMakeFiles/cmTC_c4fc4.dir/CheckFunctionExists.c.o   -c /usr/share/cmake-3.10/Modules/CheckFunctionExists.c
Linking C executable cmTC_c4fc4
/usr/bin/cmake -E cmake_link_script CMakeFiles/cmTC_c4fc4.dir/link.txt --verbose=1
/usr/bin/cc  -DCHECK_FUNCTION_EXISTS=connect    -rdynamic CMakeFiles/cmTC_c4fc4.dir/CheckFunctionExists.c.o  -o cmTC_c4fc4 
make[1]: Leaving directory '/home/IN/jova0386/SciVis2018/CMakeFiles/CMakeTmp'


Determining if the function remove exists passed with the following output:
Change Dir: /home/IN/jova0386/SciVis2018/CMakeFiles/CMakeTmp

Run Build Command:"/usr/bin/make" "cmTC_235e4/fast"
/usr/bin/make -f CMakeFiles/cmTC_235e4.dir/build.make CMakeFiles/cmTC_235e4.dir/build
make[1]: Entering directory '/home/IN/jova0386/SciVis2018/CMakeFiles/CMakeTmp'
Building C object CMakeFiles/cmTC_235e4.dir/CheckFunctionExists.c.o
/usr/bin/cc   -DCHECK_FUNCTION_EXISTS=remove   -o CMakeFiles/cmTC_235e4.dir/CheckFunctionExists.c.o   -c /usr/share/cmake-3.10/Modules/CheckFunctionExists.c
Linking C executable cmTC_235e4
/usr/bin/cmake -E cmake_link_script CMakeFiles/cmTC_235e4.dir/link.txt --verbose=1
/usr/bin/cc  -DCHECK_FUNCTION_EXISTS=remove    -rdynamic CMakeFiles/cmTC_235e4.dir/CheckFunctionExists.c.o  -o cmTC_235e4 
make[1]: Leaving directory '/home/IN/jova0386/SciVis2018/CMakeFiles/CMakeTmp'


Determining if the function shmat exists passed with the following output:
Change Dir: /home/IN/jova0386/SciVis2018/CMakeFiles/CMakeTmp

Run Build Command:"/usr/bin/make" "cmTC_08316/fast"
/usr/bin/make -f CMakeFiles/cmTC_08316.dir/build.make CMakeFiles/cmTC_08316.dir/build
make[1]: Entering directory '/home/IN/jova0386/SciVis2018/CMakeFiles/CMakeTmp'
Building C object CMakeFiles/cmTC_08316.dir/CheckFunctionExists.c.o
/usr/bin/cc   -DCHECK_FUNCTION_EXISTS=shmat   -o CMakeFiles/cmTC_08316.dir/CheckFunctionExists.c.o   -c /usr/share/cmake-3.10/Modules/CheckFunctionExists.c
Linking C executable cmTC_08316
/usr/bin/cmake -E cmake_link_script CMakeFiles/cmTC_08316.dir/link.txt --verbose=1
/usr/bin/cc  -DCHECK_FUNCTION_EXISTS=shmat    -rdynamic CMakeFiles/cmTC_08316.dir/CheckFunctionExists.c.o  -o cmTC_08316 
make[1]: Leaving directory '/home/IN/jova0386/SciVis2018/CMakeFiles/CMakeTmp'


Determining if the function IceConnectionNumber exists in the ICE passed with the following output:
Change Dir: /home/IN/jova0386/SciVis2018/CMakeFiles/CMakeTmp

Run Build Command:"/usr/bin/make" "cmTC_a4fc1/fast"
/usr/bin/make -f CMakeFiles/cmTC_a4fc1.dir/build.make CMakeFiles/cmTC_a4fc1.dir/build
make[1]: Entering directory '/home/IN/jova0386/SciVis2018/CMakeFiles/CMakeTmp'
Building C object CMakeFiles/cmTC_a4fc1.dir/CheckFunctionExists.c.o
/usr/bin/cc   -DCHECK_FUNCTION_EXISTS=IceConnectionNumber   -o CMakeFiles/cmTC_a4fc1.dir/CheckFunctionExists.c.o   -c /usr/share/cmake-3.10/Modules/CheckFunctionExists.c
Linking C executable cmTC_a4fc1
/usr/bin/cmake -E cmake_link_script CMakeFiles/cmTC_a4fc1.dir/link.txt --verbose=1
/usr/bin/cc  -DCHECK_FUNCTION_EXISTS=IceConnectionNumber    -rdynamic CMakeFiles/cmTC_a4fc1.dir/CheckFunctionExists.c.o  -o cmTC_a4fc1 -lICE 
make[1]: Leaving directory '/home/IN/jova0386/SciVis2018/CMakeFiles/CMakeTmp'


Determining if the function glXGetProcAddress exists passed with the following output:
Change Dir: /home/IN/jova0386/SciVis2018/CMakeFiles/CMakeTmp

Run Build Command:"/usr/bin/make" "cmTC_8d967/fast"
/usr/bin/make -f CMakeFiles/cmTC_8d967.dir/build.make CMakeFiles/cmTC_8d967.dir/build
make[1]: Entering directory '/home/IN/jova0386/SciVis2018/CMakeFiles/CMakeTmp'
Building C object CMakeFiles/cmTC_8d967.dir/CheckFunctionExists.c.o
/usr/bin/cc   -DCHECK_FUNCTION_EXISTS=glXGetProcAddress   -o CMakeFiles/cmTC_8d967.dir/CheckFunctionExists.c.o   -c /usr/share/cmake-3.10/Modules/CheckFunctionExists.c
Linking C executable cmTC_8d967
/usr/bin/cmake -E cmake_link_script CMakeFiles/cmTC_8d967.dir/link.txt --verbose=1
/usr/bin/cc  -DCHECK_FUNCTION_EXISTS=glXGetProcAddress    -rdynamic CMakeFiles/cmTC_8d967.dir/CheckFunctionExists.c.o  -o cmTC_8d967 /usr/lib/libGL.so 
make[1]: Leaving directory '/home/IN/jova0386/SciVis2018/CMakeFiles/CMakeTmp'


Determining if the function glXGetProcAddressARB exists passed with the following output:
Change Dir: /home/IN/jova0386/SciVis2018/CMakeFiles/CMakeTmp

Run Build Command:"/usr/bin/make" "cmTC_01eb0/fast"
/usr/bin/make -f CMakeFiles/cmTC_01eb0.dir/build.make CMakeFiles/cmTC_01eb0.dir/build
make[1]: Entering directory '/home/IN/jova0386/SciVis2018/CMakeFiles/CMakeTmp'
Building C object CMakeFiles/cmTC_01eb0.dir/CheckFunctionExists.c.o
/usr/bin/cc   -DCHECK_FUNCTION_EXISTS=glXGetProcAddressARB   -o CMakeFiles/cmTC_01eb0.dir/CheckFunctionExists.c.o   -c /usr/share/cmake-3.10/Modules/CheckFunctionExists.c
Linking C executable cmTC_01eb0
/usr/bin/cmake -E cmake_link_script CMakeFiles/cmTC_01eb0.dir/link.txt --verbose=1
/usr/bin/cc  -DCHECK_FUNCTION_EXISTS=glXGetProcAddressARB    -rdynamic CMakeFiles/cmTC_01eb0.dir/CheckFunctionExists.c.o  -o cmTC_01eb0 /usr/lib/libGL.so 
make[1]: Leaving directory '/home/IN/jova0386/SciVis2018/CMakeFiles/CMakeTmp'


